	Babylon.js Exporter version: 1.8.1, Blender version: 2.74 (sub 0)
========= Conversion from Blender to Babylon.js =========
	Python World class constructor completed
	WARNING: No active camera has been assigned, or is not in a currently selected Blender layer
	processing begun of material:  ship.Material.001
	processing begun of material:  ship.Material.002
	processing begun of material:  ship.Material.003
	processing begun of material:  ship.Material.006
	processing begun of mesh:  Sphere.009
		processing begun of multimaterial:  ship.Multimaterial#0
		num positions      :  228
		num normals        :  228
		num uvs            :  0
		num uvs2           :  0
		num colors         :  0
		num indices        :  1212
	processing begun of mesh:  Sphere.008
		processing begun of multimaterial:  ship.Multimaterial#1
		num positions      :  701
		num normals        :  701
		num uvs            :  0
		num uvs2           :  0
		num colors         :  0
		num indices        :  3834
========= Writing of scene file started =========
========= Writing of scene file completed =========
========= end of processing =========
